CRITICAL - 2021-11-23 16:33:12 --> Undefined property: App\Controllers\CategoriaController::$categoriaModel
#0 C:\wamp64\www\TrabalhoWebM2\app\Controllers\CategoriaController.php(18): CodeIgniter\Debug\Exceptions->errorHandler(8, 'Undefined prope...', 'C:\\wamp64\\www\\T...', 18, Array)
#1 C:\wamp64\www\TrabalhoWebM2\vendor\codeigniter4\framework\system\CodeIgniter.php(824): App\Controllers\CategoriaController->index()
#2 C:\wamp64\www\TrabalhoWebM2\vendor\codeigniter4\framework\system\CodeIgniter.php(410): CodeIgniter\CodeIgniter->runController(Object(App\Controllers\CategoriaController))
#3 C:\wamp64\www\TrabalhoWebM2\vendor\codeigniter4\framework\system\CodeIgniter.php(318): CodeIgniter\CodeIgniter->handleRequest(NULL, Object(Config\Cache), false)
#4 C:\wamp64\www\TrabalhoWebM2\public\index.php(37): CodeIgniter\CodeIgniter->run()
#5 C:\wamp64\www\TrabalhoWebM2\vendor\codeigniter4\framework\system\Commands\Server\rewrite.php(43): require_once('C:\\wamp64\\www\\T...')
#6 {main}
CRITICAL - 2021-11-23 16:35:15 --> Use of undefined constant base_url - assumed 'base_url' (this will throw an Error in a future version of PHP)
#0 C:\wamp64\www\TrabalhoWebM2\app\Views\messages.php(16): CodeIgniter\Debug\Exceptions->errorHandler(2, 'Use of undefine...', 'C:\\wamp64\\www\\T...', 16, Array)
#1 C:\wamp64\www\TrabalhoWebM2\vendor\codeigniter4\framework\system\View\View.php(214): include('C:\\wamp64\\www\\T...')
#2 C:\wamp64\www\TrabalhoWebM2\vendor\codeigniter4\framework\system\View\View.php(217): CodeIgniter\View\View->CodeIgniter\View\{closure}()
#3 C:\wamp64\www\TrabalhoWebM2\vendor\codeigniter4\framework\system\Common.php(1097): CodeIgniter\View\View->render('messages', Array, true)
#4 C:\wamp64\www\TrabalhoWebM2\app\Controllers\CategoriaController.php(34): view('messages', Array)
#5 C:\wamp64\www\TrabalhoWebM2\vendor\codeigniter4\framework\system\CodeIgniter.php(824): App\Controllers\CategoriaController->store()
#6 C:\wamp64\www\TrabalhoWebM2\vendor\codeigniter4\framework\system\CodeIgniter.php(410): CodeIgniter\CodeIgniter->runController(Object(App\Controllers\CategoriaController))
#7 C:\wamp64\www\TrabalhoWebM2\vendor\codeigniter4\framework\system\CodeIgniter.php(318): CodeIgniter\CodeIgniter->handleRequest(NULL, Object(Config\Cache), false)
#8 C:\wamp64\www\TrabalhoWebM2\public\index.php(37): CodeIgniter\CodeIgniter->run()
#9 C:\wamp64\www\TrabalhoWebM2\vendor\codeigniter4\framework\system\Commands\Server\rewrite.php(43): require_once('C:\\wamp64\\www\\T...')
#10 {main}
CRITICAL - 2021-11-23 16:37:11 --> syntax error, unexpected ')', expecting ';' or ','
#0 C:\wamp64\www\TrabalhoWebM2\vendor\codeigniter4\framework\system\View\View.php(217): CodeIgniter\View\View->CodeIgniter\View\{closure}()
#1 C:\wamp64\www\TrabalhoWebM2\vendor\codeigniter4\framework\system\Common.php(1097): CodeIgniter\View\View->render('messages', Array, true)
#2 C:\wamp64\www\TrabalhoWebM2\app\Controllers\CategoriaController.php(34): view('messages', Array)
#3 C:\wamp64\www\TrabalhoWebM2\vendor\codeigniter4\framework\system\CodeIgniter.php(824): App\Controllers\CategoriaController->store()
#4 C:\wamp64\www\TrabalhoWebM2\vendor\codeigniter4\framework\system\CodeIgniter.php(410): CodeIgniter\CodeIgniter->runController(Object(App\Controllers\CategoriaController))
#5 C:\wamp64\www\TrabalhoWebM2\vendor\codeigniter4\framework\system\CodeIgniter.php(318): CodeIgniter\CodeIgniter->handleRequest(NULL, Object(Config\Cache), false)
#6 C:\wamp64\www\TrabalhoWebM2\public\index.php(37): CodeIgniter\CodeIgniter->run()
#7 C:\wamp64\www\TrabalhoWebM2\vendor\codeigniter4\framework\system\Commands\Server\rewrite.php(43): require_once('C:\\wamp64\\www\\T...')
#8 {main}
CRITICAL - 2021-11-23 16:37:24 --> Undefined variable: user
#0 C:\wamp64\www\TrabalhoWebM2\app\Views\categorias\index.php(29): CodeIgniter\Debug\Exceptions->errorHandler(8, 'Undefined varia...', 'C:\\wamp64\\www\\T...', 29, Array)
#1 C:\wamp64\www\TrabalhoWebM2\vendor\codeigniter4\framework\system\View\View.php(214): include('C:\\wamp64\\www\\T...')
#2 C:\wamp64\www\TrabalhoWebM2\vendor\codeigniter4\framework\system\View\View.php(217): CodeIgniter\View\View->CodeIgniter\View\{closure}()
#3 C:\wamp64\www\TrabalhoWebM2\vendor\codeigniter4\framework\system\Common.php(1097): CodeIgniter\View\View->render('categorias/inde...', Array, true)
#4 C:\wamp64\www\TrabalhoWebM2\app\Controllers\CategoriaController.php(21): view('categorias/inde...', Array)
#5 C:\wamp64\www\TrabalhoWebM2\vendor\codeigniter4\framework\system\CodeIgniter.php(824): App\Controllers\CategoriaController->index()
#6 C:\wamp64\www\TrabalhoWebM2\vendor\codeigniter4\framework\system\CodeIgniter.php(410): CodeIgniter\CodeIgniter->runController(Object(App\Controllers\CategoriaController))
#7 C:\wamp64\www\TrabalhoWebM2\vendor\codeigniter4\framework\system\CodeIgniter.php(318): CodeIgniter\CodeIgniter->handleRequest(NULL, Object(Config\Cache), false)
#8 C:\wamp64\www\TrabalhoWebM2\public\index.php(37): CodeIgniter\CodeIgniter->run()
#9 C:\wamp64\www\TrabalhoWebM2\vendor\codeigniter4\framework\system\Commands\Server\rewrite.php(43): require_once('C:\\wamp64\\www\\T...')
#10 {main}
CRITICAL - 2021-11-23 16:37:38 --> Undefined variable: user
#0 C:\wamp64\www\TrabalhoWebM2\app\Views\categorias\index.php(29): CodeIgniter\Debug\Exceptions->errorHandler(8, 'Undefined varia...', 'C:\\wamp64\\www\\T...', 29, Array)
#1 C:\wamp64\www\TrabalhoWebM2\vendor\codeigniter4\framework\system\View\View.php(214): include('C:\\wamp64\\www\\T...')
#2 C:\wamp64\www\TrabalhoWebM2\vendor\codeigniter4\framework\system\View\View.php(217): CodeIgniter\View\View->CodeIgniter\View\{closure}()
#3 C:\wamp64\www\TrabalhoWebM2\vendor\codeigniter4\framework\system\Common.php(1097): CodeIgniter\View\View->render('categorias/inde...', Array, true)
#4 C:\wamp64\www\TrabalhoWebM2\app\Controllers\CategoriaController.php(21): view('categorias/inde...', Array)
#5 C:\wamp64\www\TrabalhoWebM2\vendor\codeigniter4\framework\system\CodeIgniter.php(824): App\Controllers\CategoriaController->index()
#6 C:\wamp64\www\TrabalhoWebM2\vendor\codeigniter4\framework\system\CodeIgniter.php(410): CodeIgniter\CodeIgniter->runController(Object(App\Controllers\CategoriaController))
#7 C:\wamp64\www\TrabalhoWebM2\vendor\codeigniter4\framework\system\CodeIgniter.php(318): CodeIgniter\CodeIgniter->handleRequest(NULL, Object(Config\Cache), false)
#8 C:\wamp64\www\TrabalhoWebM2\public\index.php(37): CodeIgniter\CodeIgniter->run()
#9 C:\wamp64\www\TrabalhoWebM2\vendor\codeigniter4\framework\system\Commands\Server\rewrite.php(43): require_once('C:\\wamp64\\www\\T...')
#10 {main}
CRITICAL - 2021-11-23 16:37:53 --> Undefined variable: user
#0 C:\wamp64\www\TrabalhoWebM2\app\Views\categorias\index.php(29): CodeIgniter\Debug\Exceptions->errorHandler(8, 'Undefined varia...', 'C:\\wamp64\\www\\T...', 29, Array)
#1 C:\wamp64\www\TrabalhoWebM2\vendor\codeigniter4\framework\system\View\View.php(214): include('C:\\wamp64\\www\\T...')
#2 C:\wamp64\www\TrabalhoWebM2\vendor\codeigniter4\framework\system\View\View.php(217): CodeIgniter\View\View->CodeIgniter\View\{closure}()
#3 C:\wamp64\www\TrabalhoWebM2\vendor\codeigniter4\framework\system\Common.php(1097): CodeIgniter\View\View->render('categorias/inde...', Array, true)
#4 C:\wamp64\www\TrabalhoWebM2\app\Controllers\CategoriaController.php(21): view('categorias/inde...', Array)
#5 C:\wamp64\www\TrabalhoWebM2\vendor\codeigniter4\framework\system\CodeIgniter.php(824): App\Controllers\CategoriaController->index()
#6 C:\wamp64\www\TrabalhoWebM2\vendor\codeigniter4\framework\system\CodeIgniter.php(410): CodeIgniter\CodeIgniter->runController(Object(App\Controllers\CategoriaController))
#7 C:\wamp64\www\TrabalhoWebM2\vendor\codeigniter4\framework\system\CodeIgniter.php(318): CodeIgniter\CodeIgniter->handleRequest(NULL, Object(Config\Cache), false)
#8 C:\wamp64\www\TrabalhoWebM2\public\index.php(37): CodeIgniter\CodeIgniter->run()
#9 C:\wamp64\www\TrabalhoWebM2\vendor\codeigniter4\framework\system\Commands\Server\rewrite.php(43): require_once('C:\\wamp64\\www\\T...')
#10 {main}
CRITICAL - 2021-11-23 16:41:46 --> Use of undefined constant id - assumed 'id' (this will throw an Error in a future version of PHP)
#0 C:\wamp64\www\TrabalhoWebM2\app\Views\categorias\index.php(25): CodeIgniter\Debug\Exceptions->errorHandler(2, 'Use of undefine...', 'C:\\wamp64\\www\\T...', 25, Array)
#1 C:\wamp64\www\TrabalhoWebM2\vendor\codeigniter4\framework\system\View\View.php(214): include('C:\\wamp64\\www\\T...')
#2 C:\wamp64\www\TrabalhoWebM2\vendor\codeigniter4\framework\system\View\View.php(217): CodeIgniter\View\View->CodeIgniter\View\{closure}()
#3 C:\wamp64\www\TrabalhoWebM2\vendor\codeigniter4\framework\system\Common.php(1097): CodeIgniter\View\View->render('categorias/inde...', Array, true)
#4 C:\wamp64\www\TrabalhoWebM2\app\Controllers\CategoriaController.php(21): view('categorias/inde...', Array)
#5 C:\wamp64\www\TrabalhoWebM2\vendor\codeigniter4\framework\system\CodeIgniter.php(824): App\Controllers\CategoriaController->index()
#6 C:\wamp64\www\TrabalhoWebM2\vendor\codeigniter4\framework\system\CodeIgniter.php(410): CodeIgniter\CodeIgniter->runController(Object(App\Controllers\CategoriaController))
#7 C:\wamp64\www\TrabalhoWebM2\vendor\codeigniter4\framework\system\CodeIgniter.php(318): CodeIgniter\CodeIgniter->handleRequest(NULL, Object(Config\Cache), false)
#8 C:\wamp64\www\TrabalhoWebM2\public\index.php(37): CodeIgniter\CodeIgniter->run()
#9 C:\wamp64\www\TrabalhoWebM2\vendor\codeigniter4\framework\system\Commands\Server\rewrite.php(43): require_once('C:\\wamp64\\www\\T...')
#10 {main}
CRITICAL - 2021-11-23 17:04:04 --> Undefined property: App\Controllers\ProdutoController::$CategoriaModel
#0 C:\wamp64\www\TrabalhoWebM2\app\Controllers\ProdutoController.php(22): CodeIgniter\Debug\Exceptions->errorHandler(8, 'Undefined prope...', 'C:\\wamp64\\www\\T...', 22, Array)
#1 C:\wamp64\www\TrabalhoWebM2\vendor\codeigniter4\framework\system\CodeIgniter.php(824): App\Controllers\ProdutoController->index()
#2 C:\wamp64\www\TrabalhoWebM2\vendor\codeigniter4\framework\system\CodeIgniter.php(410): CodeIgniter\CodeIgniter->runController(Object(App\Controllers\ProdutoController))
#3 C:\wamp64\www\TrabalhoWebM2\vendor\codeigniter4\framework\system\CodeIgniter.php(318): CodeIgniter\CodeIgniter->handleRequest(NULL, Object(Config\Cache), false)
#4 C:\wamp64\www\TrabalhoWebM2\public\index.php(37): CodeIgniter\CodeIgniter->run()
#5 C:\wamp64\www\TrabalhoWebM2\vendor\codeigniter4\framework\system\Commands\Server\rewrite.php(43): require_once('C:\\wamp64\\www\\T...')
#6 {main}
CRITICAL - 2021-11-23 17:04:39 --> syntax error, unexpected 'endif' (T_ENDIF)
#0 C:\wamp64\www\TrabalhoWebM2\vendor\codeigniter4\framework\system\View\View.php(217): CodeIgniter\View\View->CodeIgniter\View\{closure}()
#1 C:\wamp64\www\TrabalhoWebM2\vendor\codeigniter4\framework\system\Common.php(1097): CodeIgniter\View\View->render('produtos/index', Array, true)
#2 C:\wamp64\www\TrabalhoWebM2\app\Controllers\ProdutoController.php(22): view('produtos/index', Array)
#3 C:\wamp64\www\TrabalhoWebM2\vendor\codeigniter4\framework\system\CodeIgniter.php(824): App\Controllers\ProdutoController->index()
#4 C:\wamp64\www\TrabalhoWebM2\vendor\codeigniter4\framework\system\CodeIgniter.php(410): CodeIgniter\CodeIgniter->runController(Object(App\Controllers\ProdutoController))
#5 C:\wamp64\www\TrabalhoWebM2\vendor\codeigniter4\framework\system\CodeIgniter.php(318): CodeIgniter\CodeIgniter->handleRequest(NULL, Object(Config\Cache), false)
#6 C:\wamp64\www\TrabalhoWebM2\public\index.php(37): CodeIgniter\CodeIgniter->run()
#7 C:\wamp64\www\TrabalhoWebM2\vendor\codeigniter4\framework\system\Commands\Server\rewrite.php(43): require_once('C:\\wamp64\\www\\T...')
#8 {main}
ERROR - 2021-11-23 17:11:47 --> Cannot add or update a child row: a foreign key constraint fails (`db_trabalhowebm2`.`produto`, CONSTRAINT `produto_categoria_id_foreign` FOREIGN KEY (`categoria_id`) REFERENCES `categoria` (`id`))
CRITICAL - 2021-11-23 17:11:47 --> Cannot add or update a child row: a foreign key constraint fails (`db_trabalhowebm2`.`produto`, CONSTRAINT `produto_categoria_id_foreign` FOREIGN KEY (`categoria_id`) REFERENCES `categoria` (`id`))
#0 C:\wamp64\www\TrabalhoWebM2\vendor\codeigniter4\framework\system\Database\MySQLi\Connection.php(292): mysqli->query('INSERT INTO `pr...', 0)
#1 C:\wamp64\www\TrabalhoWebM2\vendor\codeigniter4\framework\system\Database\BaseConnection.php(670): CodeIgniter\Database\MySQLi\Connection->execute('INSERT INTO `pr...')
#2 C:\wamp64\www\TrabalhoWebM2\vendor\codeigniter4\framework\system\Database\BaseConnection.php(598): CodeIgniter\Database\BaseConnection->simpleQuery('INSERT INTO `pr...')
#3 C:\wamp64\www\TrabalhoWebM2\vendor\codeigniter4\framework\system\Database\BaseBuilder.php(1759): CodeIgniter\Database\BaseConnection->query('INSERT INTO `pr...', Array, false)
#4 C:\wamp64\www\TrabalhoWebM2\vendor\codeigniter4\framework\system\Model.php(239): CodeIgniter\Database\BaseBuilder->insert()
#5 C:\wamp64\www\TrabalhoWebM2\vendor\codeigniter4\framework\system\BaseModel.php(738): CodeIgniter\Model->doInsert(Array)
#6 C:\wamp64\www\TrabalhoWebM2\vendor\codeigniter4\framework\system\Model.php(620): CodeIgniter\BaseModel->insert(Array, false)
#7 C:\wamp64\www\TrabalhoWebM2\vendor\codeigniter4\framework\system\BaseModel.php(658): CodeIgniter\Model->insert(Array, false)
#8 C:\wamp64\www\TrabalhoWebM2\app\Controllers\ProdutoController.php(36): CodeIgniter\BaseModel->save(Array)
#9 C:\wamp64\www\TrabalhoWebM2\vendor\codeigniter4\framework\system\CodeIgniter.php(824): App\Controllers\ProdutoController->store()
#10 C:\wamp64\www\TrabalhoWebM2\vendor\codeigniter4\framework\system\CodeIgniter.php(410): CodeIgniter\CodeIgniter->runController(Object(App\Controllers\ProdutoController))
#11 C:\wamp64\www\TrabalhoWebM2\vendor\codeigniter4\framework\system\CodeIgniter.php(318): CodeIgniter\CodeIgniter->handleRequest(NULL, Object(Config\Cache), false)
#12 C:\wamp64\www\TrabalhoWebM2\public\index.php(37): CodeIgniter\CodeIgniter->run()
#13 C:\wamp64\www\TrabalhoWebM2\vendor\codeigniter4\framework\system\Commands\Server\rewrite.php(43): require_once('C:\\wamp64\\www\\T...')
#14 {main}
ERROR - 2021-11-23 17:22:55 --> Cannot add or update a child row: a foreign key constraint fails (`db_trabalhowebm2`.`produto`, CONSTRAINT `produto_ibfk_1` FOREIGN KEY (`categoria_id`) REFERENCES `categoria` (`id`))
CRITICAL - 2021-11-23 17:22:55 --> Cannot add or update a child row: a foreign key constraint fails (`db_trabalhowebm2`.`produto`, CONSTRAINT `produto_ibfk_1` FOREIGN KEY (`categoria_id`) REFERENCES `categoria` (`id`))
#0 C:\wamp64\www\TrabalhoWebM2\vendor\codeigniter4\framework\system\Database\MySQLi\Connection.php(292): mysqli->query('INSERT INTO `pr...', 0)
#1 C:\wamp64\www\TrabalhoWebM2\vendor\codeigniter4\framework\system\Database\BaseConnection.php(670): CodeIgniter\Database\MySQLi\Connection->execute('INSERT INTO `pr...')
#2 C:\wamp64\www\TrabalhoWebM2\vendor\codeigniter4\framework\system\Database\BaseConnection.php(598): CodeIgniter\Database\BaseConnection->simpleQuery('INSERT INTO `pr...')
#3 C:\wamp64\www\TrabalhoWebM2\vendor\codeigniter4\framework\system\Database\BaseBuilder.php(1759): CodeIgniter\Database\BaseConnection->query('INSERT INTO `pr...', Array, false)
#4 C:\wamp64\www\TrabalhoWebM2\vendor\codeigniter4\framework\system\Model.php(239): CodeIgniter\Database\BaseBuilder->insert()
#5 C:\wamp64\www\TrabalhoWebM2\vendor\codeigniter4\framework\system\BaseModel.php(738): CodeIgniter\Model->doInsert(Array)
#6 C:\wamp64\www\TrabalhoWebM2\vendor\codeigniter4\framework\system\Model.php(620): CodeIgniter\BaseModel->insert(Array, false)
#7 C:\wamp64\www\TrabalhoWebM2\vendor\codeigniter4\framework\system\BaseModel.php(658): CodeIgniter\Model->insert(Array, false)
#8 C:\wamp64\www\TrabalhoWebM2\app\Controllers\ProdutoController.php(36): CodeIgniter\BaseModel->save(Array)
#9 C:\wamp64\www\TrabalhoWebM2\vendor\codeigniter4\framework\system\CodeIgniter.php(824): App\Controllers\ProdutoController->store()
#10 C:\wamp64\www\TrabalhoWebM2\vendor\codeigniter4\framework\system\CodeIgniter.php(410): CodeIgniter\CodeIgniter->runController(Object(App\Controllers\ProdutoController))
#11 C:\wamp64\www\TrabalhoWebM2\vendor\codeigniter4\framework\system\CodeIgniter.php(318): CodeIgniter\CodeIgniter->handleRequest(NULL, Object(Config\Cache), false)
#12 C:\wamp64\www\TrabalhoWebM2\public\index.php(37): CodeIgniter\CodeIgniter->run()
#13 C:\wamp64\www\TrabalhoWebM2\vendor\codeigniter4\framework\system\Commands\Server\rewrite.php(43): require_once('C:\\wamp64\\www\\T...')
#14 {main}
ERROR - 2021-11-23 17:29:35 --> Error connecting to the database: Unknown database 'db_trabalhowebm2'
CRITICAL - 2021-11-23 17:29:35 --> Unable to connect to the database.
Main connection [MySQLi]: Unknown database 'db_trabalhowebm2'
#0 C:\wamp64\www\TrabalhoWebM2\vendor\codeigniter4\framework\system\Database\BaseConnection.php(577): CodeIgniter\Database\BaseConnection->initialize()
#1 C:\wamp64\www\TrabalhoWebM2\vendor\codeigniter4\framework\system\Database\BaseBuilder.php(1443): CodeIgniter\Database\BaseConnection->query('SELECT *\nFROM `...', Array, false)
#2 C:\wamp64\www\TrabalhoWebM2\vendor\codeigniter4\framework\system\Model.php(183): CodeIgniter\Database\BaseBuilder->get()
#3 C:\wamp64\www\TrabalhoWebM2\vendor\codeigniter4\framework\system\BaseModel.php(584): CodeIgniter\Model->doFindAll(0, 0)
#4 C:\wamp64\www\TrabalhoWebM2\app\Controllers\ProdutoController.php(30): CodeIgniter\BaseModel->findAll()
#5 C:\wamp64\www\TrabalhoWebM2\vendor\codeigniter4\framework\system\CodeIgniter.php(824): App\Controllers\ProdutoController->create()
#6 C:\wamp64\www\TrabalhoWebM2\vendor\codeigniter4\framework\system\CodeIgniter.php(410): CodeIgniter\CodeIgniter->runController(Object(App\Controllers\ProdutoController))
#7 C:\wamp64\www\TrabalhoWebM2\vendor\codeigniter4\framework\system\CodeIgniter.php(318): CodeIgniter\CodeIgniter->handleRequest(NULL, Object(Config\Cache), false)
#8 C:\wamp64\www\TrabalhoWebM2\public\index.php(37): CodeIgniter\CodeIgniter->run()
#9 C:\wamp64\www\TrabalhoWebM2\vendor\codeigniter4\framework\system\Commands\Server\rewrite.php(43): require_once('C:\\wamp64\\www\\T...')
#10 {main}
ERROR - 2021-11-23 17:29:41 --> Error connecting to the database: Unknown database 'db_trabalhowebm2'
CRITICAL - 2021-11-23 17:29:41 --> Unable to connect to the database.
Main connection [MySQLi]: Unknown database 'db_trabalhowebm2'
#0 C:\wamp64\www\TrabalhoWebM2\vendor\codeigniter4\framework\system\Database\BaseConnection.php(577): CodeIgniter\Database\BaseConnection->initialize()
#1 C:\wamp64\www\TrabalhoWebM2\vendor\codeigniter4\framework\system\Database\BaseBuilder.php(1443): CodeIgniter\Database\BaseConnection->query('SELECT *\nFROM `...', Array, false)
#2 C:\wamp64\www\TrabalhoWebM2\vendor\codeigniter4\framework\system\Model.php(183): CodeIgniter\Database\BaseBuilder->get()
#3 C:\wamp64\www\TrabalhoWebM2\vendor\codeigniter4\framework\system\BaseModel.php(584): CodeIgniter\Model->doFindAll(0, 0)
#4 C:\wamp64\www\TrabalhoWebM2\app\Controllers\ProdutoController.php(21): CodeIgniter\BaseModel->findAll()
#5 C:\wamp64\www\TrabalhoWebM2\vendor\codeigniter4\framework\system\CodeIgniter.php(824): App\Controllers\ProdutoController->index()
#6 C:\wamp64\www\TrabalhoWebM2\vendor\codeigniter4\framework\system\CodeIgniter.php(410): CodeIgniter\CodeIgniter->runController(Object(App\Controllers\ProdutoController))
#7 C:\wamp64\www\TrabalhoWebM2\vendor\codeigniter4\framework\system\CodeIgniter.php(318): CodeIgniter\CodeIgniter->handleRequest(NULL, Object(Config\Cache), false)
#8 C:\wamp64\www\TrabalhoWebM2\public\index.php(37): CodeIgniter\CodeIgniter->run()
#9 C:\wamp64\www\TrabalhoWebM2\vendor\codeigniter4\framework\system\Commands\Server\rewrite.php(43): require_once('C:\\wamp64\\www\\T...')
#10 {main}
ERROR - 2021-11-23 17:30:42 --> Table 'db_trabalhowebm2.produto' doesn't exist
CRITICAL - 2021-11-23 17:30:42 --> Table 'db_trabalhowebm2.produto' doesn't exist
#0 C:\wamp64\www\TrabalhoWebM2\vendor\codeigniter4\framework\system\Database\MySQLi\Connection.php(292): mysqli->query('SELECT *\nFROM `...', 0)
#1 C:\wamp64\www\TrabalhoWebM2\vendor\codeigniter4\framework\system\Database\BaseConnection.php(670): CodeIgniter\Database\MySQLi\Connection->execute('SELECT *\nFROM `...')
#2 C:\wamp64\www\TrabalhoWebM2\vendor\codeigniter4\framework\system\Database\BaseConnection.php(598): CodeIgniter\Database\BaseConnection->simpleQuery('SELECT *\nFROM `...')
#3 C:\wamp64\www\TrabalhoWebM2\vendor\codeigniter4\framework\system\Database\BaseBuilder.php(1443): CodeIgniter\Database\BaseConnection->query('SELECT *\nFROM `...', Array, false)
#4 C:\wamp64\www\TrabalhoWebM2\vendor\codeigniter4\framework\system\Model.php(183): CodeIgniter\Database\BaseBuilder->get()
#5 C:\wamp64\www\TrabalhoWebM2\vendor\codeigniter4\framework\system\BaseModel.php(584): CodeIgniter\Model->doFindAll(0, 0)
#6 C:\wamp64\www\TrabalhoWebM2\app\Controllers\ProdutoController.php(21): CodeIgniter\BaseModel->findAll()
#7 C:\wamp64\www\TrabalhoWebM2\vendor\codeigniter4\framework\system\CodeIgniter.php(824): App\Controllers\ProdutoController->index()
#8 C:\wamp64\www\TrabalhoWebM2\vendor\codeigniter4\framework\system\CodeIgniter.php(410): CodeIgniter\CodeIgniter->runController(Object(App\Controllers\ProdutoController))
#9 C:\wamp64\www\TrabalhoWebM2\vendor\codeigniter4\framework\system\CodeIgniter.php(318): CodeIgniter\CodeIgniter->handleRequest(NULL, Object(Config\Cache), false)
#10 C:\wamp64\www\TrabalhoWebM2\public\index.php(37): CodeIgniter\CodeIgniter->run()
#11 C:\wamp64\www\TrabalhoWebM2\vendor\codeigniter4\framework\system\Commands\Server\rewrite.php(43): require_once('C:\\wamp64\\www\\T...')
#12 {main}
ERROR - 2021-11-23 17:31:54 --> Cannot add or update a child row: a foreign key constraint fails (`db_trabalhowebm2`.`produto`, CONSTRAINT `produto_ibfk_1` FOREIGN KEY (`categoria_id`) REFERENCES `categoria` (`id`))
CRITICAL - 2021-11-23 17:31:54 --> Cannot add or update a child row: a foreign key constraint fails (`db_trabalhowebm2`.`produto`, CONSTRAINT `produto_ibfk_1` FOREIGN KEY (`categoria_id`) REFERENCES `categoria` (`id`))
#0 C:\wamp64\www\TrabalhoWebM2\vendor\codeigniter4\framework\system\Database\MySQLi\Connection.php(292): mysqli->query('INSERT INTO `pr...', 0)
#1 C:\wamp64\www\TrabalhoWebM2\vendor\codeigniter4\framework\system\Database\BaseConnection.php(670): CodeIgniter\Database\MySQLi\Connection->execute('INSERT INTO `pr...')
#2 C:\wamp64\www\TrabalhoWebM2\vendor\codeigniter4\framework\system\Database\BaseConnection.php(598): CodeIgniter\Database\BaseConnection->simpleQuery('INSERT INTO `pr...')
#3 C:\wamp64\www\TrabalhoWebM2\vendor\codeigniter4\framework\system\Database\BaseBuilder.php(1759): CodeIgniter\Database\BaseConnection->query('INSERT INTO `pr...', Array, false)
#4 C:\wamp64\www\TrabalhoWebM2\vendor\codeigniter4\framework\system\Model.php(239): CodeIgniter\Database\BaseBuilder->insert()
#5 C:\wamp64\www\TrabalhoWebM2\vendor\codeigniter4\framework\system\BaseModel.php(738): CodeIgniter\Model->doInsert(Array)
#6 C:\wamp64\www\TrabalhoWebM2\vendor\codeigniter4\framework\system\Model.php(620): CodeIgniter\BaseModel->insert(Array, false)
#7 C:\wamp64\www\TrabalhoWebM2\vendor\codeigniter4\framework\system\BaseModel.php(658): CodeIgniter\Model->insert(Array, false)
#8 C:\wamp64\www\TrabalhoWebM2\app\Controllers\ProdutoController.php(36): CodeIgniter\BaseModel->save(Array)
#9 C:\wamp64\www\TrabalhoWebM2\vendor\codeigniter4\framework\system\CodeIgniter.php(824): App\Controllers\ProdutoController->store()
#10 C:\wamp64\www\TrabalhoWebM2\vendor\codeigniter4\framework\system\CodeIgniter.php(410): CodeIgniter\CodeIgniter->runController(Object(App\Controllers\ProdutoController))
#11 C:\wamp64\www\TrabalhoWebM2\vendor\codeigniter4\framework\system\CodeIgniter.php(318): CodeIgniter\CodeIgniter->handleRequest(NULL, Object(Config\Cache), false)
#12 C:\wamp64\www\TrabalhoWebM2\public\index.php(37): CodeIgniter\CodeIgniter->run()
#13 C:\wamp64\www\TrabalhoWebM2\vendor\codeigniter4\framework\system\Commands\Server\rewrite.php(43): require_once('C:\\wamp64\\www\\T...')
#14 {main}
ERROR - 2021-11-23 17:34:06 --> You have an error in your SQL syntax; check the manual that corresponds to your MySQL server version for the right syntax to use near ''categoria_id') REFERENCES 'categoria'('id'),
	CONSTRAINT `pk_produto` PRIMARY K' at line 12
ERROR - 2021-11-23 17:37:42 --> Key column '´categoria_id´' doesn't exist in table
ERROR - 2021-11-23 17:40:24 --> Key column '´categoria_id´' doesn't exist in table
ERROR - 2021-11-23 17:41:07 --> Key column '´categoria_id´' doesn't exist in table
ERROR - 2021-11-23 17:42:41 --> Referencing column 'categoria_id' and referenced column 'id' in foreign key constraint 'produto_ibfk_1' are incompatible.
ERROR - 2021-11-23 17:48:26 --> Cannot add or update a child row: a foreign key constraint fails (`db_trabalhowebm2`.`produto`, CONSTRAINT `produto_ibfk_1` FOREIGN KEY (`categoria_id`) REFERENCES `categoria` (`id`))
CRITICAL - 2021-11-23 17:48:26 --> Cannot add or update a child row: a foreign key constraint fails (`db_trabalhowebm2`.`produto`, CONSTRAINT `produto_ibfk_1` FOREIGN KEY (`categoria_id`) REFERENCES `categoria` (`id`))
#0 C:\wamp64\www\TrabalhoWebM2\vendor\codeigniter4\framework\system\Database\MySQLi\Connection.php(292): mysqli->query('INSERT INTO `pr...', 0)
#1 C:\wamp64\www\TrabalhoWebM2\vendor\codeigniter4\framework\system\Database\BaseConnection.php(670): CodeIgniter\Database\MySQLi\Connection->execute('INSERT INTO `pr...')
#2 C:\wamp64\www\TrabalhoWebM2\vendor\codeigniter4\framework\system\Database\BaseConnection.php(598): CodeIgniter\Database\BaseConnection->simpleQuery('INSERT INTO `pr...')
#3 C:\wamp64\www\TrabalhoWebM2\vendor\codeigniter4\framework\system\Database\BaseBuilder.php(1759): CodeIgniter\Database\BaseConnection->query('INSERT INTO `pr...', Array, false)
#4 C:\wamp64\www\TrabalhoWebM2\vendor\codeigniter4\framework\system\Model.php(239): CodeIgniter\Database\BaseBuilder->insert()
#5 C:\wamp64\www\TrabalhoWebM2\vendor\codeigniter4\framework\system\BaseModel.php(738): CodeIgniter\Model->doInsert(Array)
#6 C:\wamp64\www\TrabalhoWebM2\vendor\codeigniter4\framework\system\Model.php(620): CodeIgniter\BaseModel->insert(Array, false)
#7 C:\wamp64\www\TrabalhoWebM2\vendor\codeigniter4\framework\system\BaseModel.php(658): CodeIgniter\Model->insert(Array, false)
#8 C:\wamp64\www\TrabalhoWebM2\app\Controllers\ProdutoController.php(36): CodeIgniter\BaseModel->save(Array)
#9 C:\wamp64\www\TrabalhoWebM2\vendor\codeigniter4\framework\system\CodeIgniter.php(824): App\Controllers\ProdutoController->store()
#10 C:\wamp64\www\TrabalhoWebM2\vendor\codeigniter4\framework\system\CodeIgniter.php(410): CodeIgniter\CodeIgniter->runController(Object(App\Controllers\ProdutoController))
#11 C:\wamp64\www\TrabalhoWebM2\vendor\codeigniter4\framework\system\CodeIgniter.php(318): CodeIgniter\CodeIgniter->handleRequest(NULL, Object(Config\Cache), false)
#12 C:\wamp64\www\TrabalhoWebM2\public\index.php(37): CodeIgniter\CodeIgniter->run()
#13 C:\wamp64\www\TrabalhoWebM2\vendor\codeigniter4\framework\system\Commands\Server\rewrite.php(43): require_once('C:\\wamp64\\www\\T...')
#14 {main}
ERROR - 2021-11-23 17:48:53 --> Cannot add or update a child row: a foreign key constraint fails (`db_trabalhowebm2`.`produto`, CONSTRAINT `produto_ibfk_1` FOREIGN KEY (`categoria_id`) REFERENCES `categoria` (`id`))
CRITICAL - 2021-11-23 17:48:53 --> Cannot add or update a child row: a foreign key constraint fails (`db_trabalhowebm2`.`produto`, CONSTRAINT `produto_ibfk_1` FOREIGN KEY (`categoria_id`) REFERENCES `categoria` (`id`))
#0 C:\wamp64\www\TrabalhoWebM2\vendor\codeigniter4\framework\system\Database\MySQLi\Connection.php(292): mysqli->query('INSERT INTO `pr...', 0)
#1 C:\wamp64\www\TrabalhoWebM2\vendor\codeigniter4\framework\system\Database\BaseConnection.php(670): CodeIgniter\Database\MySQLi\Connection->execute('INSERT INTO `pr...')
#2 C:\wamp64\www\TrabalhoWebM2\vendor\codeigniter4\framework\system\Database\BaseConnection.php(598): CodeIgniter\Database\BaseConnection->simpleQuery('INSERT INTO `pr...')
#3 C:\wamp64\www\TrabalhoWebM2\vendor\codeigniter4\framework\system\Database\BaseBuilder.php(1759): CodeIgniter\Database\BaseConnection->query('INSERT INTO `pr...', Array, false)
#4 C:\wamp64\www\TrabalhoWebM2\vendor\codeigniter4\framework\system\Model.php(239): CodeIgniter\Database\BaseBuilder->insert()
#5 C:\wamp64\www\TrabalhoWebM2\vendor\codeigniter4\framework\system\BaseModel.php(738): CodeIgniter\Model->doInsert(Array)
#6 C:\wamp64\www\TrabalhoWebM2\vendor\codeigniter4\framework\system\Model.php(620): CodeIgniter\BaseModel->insert(Array, false)
#7 C:\wamp64\www\TrabalhoWebM2\vendor\codeigniter4\framework\system\BaseModel.php(658): CodeIgniter\Model->insert(Array, false)
#8 C:\wamp64\www\TrabalhoWebM2\app\Controllers\ProdutoController.php(36): CodeIgniter\BaseModel->save(Array)
#9 C:\wamp64\www\TrabalhoWebM2\vendor\codeigniter4\framework\system\CodeIgniter.php(824): App\Controllers\ProdutoController->store()
#10 C:\wamp64\www\TrabalhoWebM2\vendor\codeigniter4\framework\system\CodeIgniter.php(410): CodeIgniter\CodeIgniter->runController(Object(App\Controllers\ProdutoController))
#11 C:\wamp64\www\TrabalhoWebM2\vendor\codeigniter4\framework\system\CodeIgniter.php(318): CodeIgniter\CodeIgniter->handleRequest(NULL, Object(Config\Cache), false)
#12 C:\wamp64\www\TrabalhoWebM2\public\index.php(37): CodeIgniter\CodeIgniter->run()
#13 C:\wamp64\www\TrabalhoWebM2\vendor\codeigniter4\framework\system\Commands\Server\rewrite.php(43): require_once('C:\\wamp64\\www\\T...')
#14 {main}
ERROR - 2021-11-23 18:14:51 --> Cannot add or update a child row: a foreign key constraint fails (`db_trabalhowebm2`.`produto`, CONSTRAINT `produto_ibfk_1` FOREIGN KEY (`categoria_id`) REFERENCES `categoria` (`id`))
CRITICAL - 2021-11-23 18:14:51 --> Cannot add or update a child row: a foreign key constraint fails (`db_trabalhowebm2`.`produto`, CONSTRAINT `produto_ibfk_1` FOREIGN KEY (`categoria_id`) REFERENCES `categoria` (`id`))
#0 C:\wamp64\www\TrabalhoWebM2\vendor\codeigniter4\framework\system\Database\MySQLi\Connection.php(292): mysqli->query('INSERT INTO `pr...', 0)
#1 C:\wamp64\www\TrabalhoWebM2\vendor\codeigniter4\framework\system\Database\BaseConnection.php(670): CodeIgniter\Database\MySQLi\Connection->execute('INSERT INTO `pr...')
#2 C:\wamp64\www\TrabalhoWebM2\vendor\codeigniter4\framework\system\Database\BaseConnection.php(598): CodeIgniter\Database\BaseConnection->simpleQuery('INSERT INTO `pr...')
#3 C:\wamp64\www\TrabalhoWebM2\vendor\codeigniter4\framework\system\Database\BaseBuilder.php(1759): CodeIgniter\Database\BaseConnection->query('INSERT INTO `pr...', Array, false)
#4 C:\wamp64\www\TrabalhoWebM2\vendor\codeigniter4\framework\system\Model.php(239): CodeIgniter\Database\BaseBuilder->insert()
#5 C:\wamp64\www\TrabalhoWebM2\vendor\codeigniter4\framework\system\BaseModel.php(738): CodeIgniter\Model->doInsert(Array)
#6 C:\wamp64\www\TrabalhoWebM2\vendor\codeigniter4\framework\system\Model.php(620): CodeIgniter\BaseModel->insert(Array, false)
#7 C:\wamp64\www\TrabalhoWebM2\vendor\codeigniter4\framework\system\BaseModel.php(658): CodeIgniter\Model->insert(Array, false)
#8 C:\wamp64\www\TrabalhoWebM2\app\Controllers\ProdutoController.php(36): CodeIgniter\BaseModel->save(Array)
#9 C:\wamp64\www\TrabalhoWebM2\vendor\codeigniter4\framework\system\CodeIgniter.php(824): App\Controllers\ProdutoController->store()
#10 C:\wamp64\www\TrabalhoWebM2\vendor\codeigniter4\framework\system\CodeIgniter.php(410): CodeIgniter\CodeIgniter->runController(Object(App\Controllers\ProdutoController))
#11 C:\wamp64\www\TrabalhoWebM2\vendor\codeigniter4\framework\system\CodeIgniter.php(318): CodeIgniter\CodeIgniter->handleRequest(NULL, Object(Config\Cache), false)
#12 C:\wamp64\www\TrabalhoWebM2\public\index.php(37): CodeIgniter\CodeIgniter->run()
#13 C:\wamp64\www\TrabalhoWebM2\vendor\codeigniter4\framework\system\Commands\Server\rewrite.php(43): require_once('C:\\wamp64\\www\\T...')
#14 {main}
ERROR - 2021-11-23 18:14:55 --> Cannot add or update a child row: a foreign key constraint fails (`db_trabalhowebm2`.`produto`, CONSTRAINT `produto_ibfk_1` FOREIGN KEY (`categoria_id`) REFERENCES `categoria` (`id`))
CRITICAL - 2021-11-23 18:14:55 --> Cannot add or update a child row: a foreign key constraint fails (`db_trabalhowebm2`.`produto`, CONSTRAINT `produto_ibfk_1` FOREIGN KEY (`categoria_id`) REFERENCES `categoria` (`id`))
#0 C:\wamp64\www\TrabalhoWebM2\vendor\codeigniter4\framework\system\Database\MySQLi\Connection.php(292): mysqli->query('INSERT INTO `pr...', 0)
#1 C:\wamp64\www\TrabalhoWebM2\vendor\codeigniter4\framework\system\Database\BaseConnection.php(670): CodeIgniter\Database\MySQLi\Connection->execute('INSERT INTO `pr...')
#2 C:\wamp64\www\TrabalhoWebM2\vendor\codeigniter4\framework\system\Database\BaseConnection.php(598): CodeIgniter\Database\BaseConnection->simpleQuery('INSERT INTO `pr...')
#3 C:\wamp64\www\TrabalhoWebM2\vendor\codeigniter4\framework\system\Database\BaseBuilder.php(1759): CodeIgniter\Database\BaseConnection->query('INSERT INTO `pr...', Array, false)
#4 C:\wamp64\www\TrabalhoWebM2\vendor\codeigniter4\framework\system\Model.php(239): CodeIgniter\Database\BaseBuilder->insert()
#5 C:\wamp64\www\TrabalhoWebM2\vendor\codeigniter4\framework\system\BaseModel.php(738): CodeIgniter\Model->doInsert(Array)
#6 C:\wamp64\www\TrabalhoWebM2\vendor\codeigniter4\framework\system\Model.php(620): CodeIgniter\BaseModel->insert(Array, false)
#7 C:\wamp64\www\TrabalhoWebM2\vendor\codeigniter4\framework\system\BaseModel.php(658): CodeIgniter\Model->insert(Array, false)
#8 C:\wamp64\www\TrabalhoWebM2\app\Controllers\ProdutoController.php(36): CodeIgniter\BaseModel->save(Array)
#9 C:\wamp64\www\TrabalhoWebM2\vendor\codeigniter4\framework\system\CodeIgniter.php(824): App\Controllers\ProdutoController->store()
#10 C:\wamp64\www\TrabalhoWebM2\vendor\codeigniter4\framework\system\CodeIgniter.php(410): CodeIgniter\CodeIgniter->runController(Object(App\Controllers\ProdutoController))
#11 C:\wamp64\www\TrabalhoWebM2\vendor\codeigniter4\framework\system\CodeIgniter.php(318): CodeIgniter\CodeIgniter->handleRequest(NULL, Object(Config\Cache), false)
#12 C:\wamp64\www\TrabalhoWebM2\public\index.php(37): CodeIgniter\CodeIgniter->run()
#13 C:\wamp64\www\TrabalhoWebM2\vendor\codeigniter4\framework\system\Commands\Server\rewrite.php(43): require_once('C:\\wamp64\\www\\T...')
#14 {main}
ERROR - 2021-11-23 18:17:39 --> Cannot add or update a child row: a foreign key constraint fails (`db_trabalhowebm2`.`produto`, CONSTRAINT `produto_ibfk_1` FOREIGN KEY (`categoria_id`) REFERENCES `categoria` (`id`))
CRITICAL - 2021-11-23 18:17:39 --> Cannot add or update a child row: a foreign key constraint fails (`db_trabalhowebm2`.`produto`, CONSTRAINT `produto_ibfk_1` FOREIGN KEY (`categoria_id`) REFERENCES `categoria` (`id`))
#0 C:\wamp64\www\TrabalhoWebM2\vendor\codeigniter4\framework\system\Database\MySQLi\Connection.php(292): mysqli->query('INSERT INTO `pr...', 0)
#1 C:\wamp64\www\TrabalhoWebM2\vendor\codeigniter4\framework\system\Database\BaseConnection.php(670): CodeIgniter\Database\MySQLi\Connection->execute('INSERT INTO `pr...')
#2 C:\wamp64\www\TrabalhoWebM2\vendor\codeigniter4\framework\system\Database\BaseConnection.php(598): CodeIgniter\Database\BaseConnection->simpleQuery('INSERT INTO `pr...')
#3 C:\wamp64\www\TrabalhoWebM2\vendor\codeigniter4\framework\system\Database\BaseBuilder.php(1759): CodeIgniter\Database\BaseConnection->query('INSERT INTO `pr...', Array, false)
#4 C:\wamp64\www\TrabalhoWebM2\vendor\codeigniter4\framework\system\Model.php(239): CodeIgniter\Database\BaseBuilder->insert()
#5 C:\wamp64\www\TrabalhoWebM2\vendor\codeigniter4\framework\system\BaseModel.php(738): CodeIgniter\Model->doInsert(Array)
#6 C:\wamp64\www\TrabalhoWebM2\vendor\codeigniter4\framework\system\Model.php(620): CodeIgniter\BaseModel->insert(Array, false)
#7 C:\wamp64\www\TrabalhoWebM2\vendor\codeigniter4\framework\system\BaseModel.php(658): CodeIgniter\Model->insert(Array, false)
#8 C:\wamp64\www\TrabalhoWebM2\app\Controllers\ProdutoController.php(36): CodeIgniter\BaseModel->save(Array)
#9 C:\wamp64\www\TrabalhoWebM2\vendor\codeigniter4\framework\system\CodeIgniter.php(824): App\Controllers\ProdutoController->store()
#10 C:\wamp64\www\TrabalhoWebM2\vendor\codeigniter4\framework\system\CodeIgniter.php(410): CodeIgniter\CodeIgniter->runController(Object(App\Controllers\ProdutoController))
#11 C:\wamp64\www\TrabalhoWebM2\vendor\codeigniter4\framework\system\CodeIgniter.php(318): CodeIgniter\CodeIgniter->handleRequest(NULL, Object(Config\Cache), false)
#12 C:\wamp64\www\TrabalhoWebM2\public\index.php(37): CodeIgniter\CodeIgniter->run()
#13 C:\wamp64\www\TrabalhoWebM2\vendor\codeigniter4\framework\system\Commands\Server\rewrite.php(43): require_once('C:\\wamp64\\www\\T...')
#14 {main}
ERROR - 2021-11-23 18:17:41 --> Cannot add or update a child row: a foreign key constraint fails (`db_trabalhowebm2`.`produto`, CONSTRAINT `produto_ibfk_1` FOREIGN KEY (`categoria_id`) REFERENCES `categoria` (`id`))
CRITICAL - 2021-11-23 18:17:41 --> Cannot add or update a child row: a foreign key constraint fails (`db_trabalhowebm2`.`produto`, CONSTRAINT `produto_ibfk_1` FOREIGN KEY (`categoria_id`) REFERENCES `categoria` (`id`))
#0 C:\wamp64\www\TrabalhoWebM2\vendor\codeigniter4\framework\system\Database\MySQLi\Connection.php(292): mysqli->query('INSERT INTO `pr...', 0)
#1 C:\wamp64\www\TrabalhoWebM2\vendor\codeigniter4\framework\system\Database\BaseConnection.php(670): CodeIgniter\Database\MySQLi\Connection->execute('INSERT INTO `pr...')
#2 C:\wamp64\www\TrabalhoWebM2\vendor\codeigniter4\framework\system\Database\BaseConnection.php(598): CodeIgniter\Database\BaseConnection->simpleQuery('INSERT INTO `pr...')
#3 C:\wamp64\www\TrabalhoWebM2\vendor\codeigniter4\framework\system\Database\BaseBuilder.php(1759): CodeIgniter\Database\BaseConnection->query('INSERT INTO `pr...', Array, false)
#4 C:\wamp64\www\TrabalhoWebM2\vendor\codeigniter4\framework\system\Model.php(239): CodeIgniter\Database\BaseBuilder->insert()
#5 C:\wamp64\www\TrabalhoWebM2\vendor\codeigniter4\framework\system\BaseModel.php(738): CodeIgniter\Model->doInsert(Array)
#6 C:\wamp64\www\TrabalhoWebM2\vendor\codeigniter4\framework\system\Model.php(620): CodeIgniter\BaseModel->insert(Array, false)
#7 C:\wamp64\www\TrabalhoWebM2\vendor\codeigniter4\framework\system\BaseModel.php(658): CodeIgniter\Model->insert(Array, false)
#8 C:\wamp64\www\TrabalhoWebM2\app\Controllers\ProdutoController.php(36): CodeIgniter\BaseModel->save(Array)
#9 C:\wamp64\www\TrabalhoWebM2\vendor\codeigniter4\framework\system\CodeIgniter.php(824): App\Controllers\ProdutoController->store()
#10 C:\wamp64\www\TrabalhoWebM2\vendor\codeigniter4\framework\system\CodeIgniter.php(410): CodeIgniter\CodeIgniter->runController(Object(App\Controllers\ProdutoController))
#11 C:\wamp64\www\TrabalhoWebM2\vendor\codeigniter4\framework\system\CodeIgniter.php(318): CodeIgniter\CodeIgniter->handleRequest(NULL, Object(Config\Cache), false)
#12 C:\wamp64\www\TrabalhoWebM2\public\index.php(37): CodeIgniter\CodeIgniter->run()
#13 C:\wamp64\www\TrabalhoWebM2\vendor\codeigniter4\framework\system\Commands\Server\rewrite.php(43): require_once('C:\\wamp64\\www\\T...')
#14 {main}
ERROR - 2021-11-23 18:18:05 --> Cannot add or update a child row: a foreign key constraint fails (`db_trabalhowebm2`.`produto`, CONSTRAINT `produto_ibfk_1` FOREIGN KEY (`categoria_id`) REFERENCES `categoria` (`id`))
CRITICAL - 2021-11-23 18:18:05 --> Cannot add or update a child row: a foreign key constraint fails (`db_trabalhowebm2`.`produto`, CONSTRAINT `produto_ibfk_1` FOREIGN KEY (`categoria_id`) REFERENCES `categoria` (`id`))
#0 C:\wamp64\www\TrabalhoWebM2\vendor\codeigniter4\framework\system\Database\MySQLi\Connection.php(292): mysqli->query('INSERT INTO `pr...', 0)
#1 C:\wamp64\www\TrabalhoWebM2\vendor\codeigniter4\framework\system\Database\BaseConnection.php(670): CodeIgniter\Database\MySQLi\Connection->execute('INSERT INTO `pr...')
#2 C:\wamp64\www\TrabalhoWebM2\vendor\codeigniter4\framework\system\Database\BaseConnection.php(598): CodeIgniter\Database\BaseConnection->simpleQuery('INSERT INTO `pr...')
#3 C:\wamp64\www\TrabalhoWebM2\vendor\codeigniter4\framework\system\Database\BaseBuilder.php(1759): CodeIgniter\Database\BaseConnection->query('INSERT INTO `pr...', Array, false)
#4 C:\wamp64\www\TrabalhoWebM2\vendor\codeigniter4\framework\system\Model.php(239): CodeIgniter\Database\BaseBuilder->insert()
#5 C:\wamp64\www\TrabalhoWebM2\vendor\codeigniter4\framework\system\BaseModel.php(738): CodeIgniter\Model->doInsert(Array)
#6 C:\wamp64\www\TrabalhoWebM2\vendor\codeigniter4\framework\system\Model.php(620): CodeIgniter\BaseModel->insert(Array, false)
#7 C:\wamp64\www\TrabalhoWebM2\vendor\codeigniter4\framework\system\BaseModel.php(658): CodeIgniter\Model->insert(Array, false)
#8 C:\wamp64\www\TrabalhoWebM2\app\Controllers\ProdutoController.php(36): CodeIgniter\BaseModel->save(Array)
#9 C:\wamp64\www\TrabalhoWebM2\vendor\codeigniter4\framework\system\CodeIgniter.php(824): App\Controllers\ProdutoController->store()
#10 C:\wamp64\www\TrabalhoWebM2\vendor\codeigniter4\framework\system\CodeIgniter.php(410): CodeIgniter\CodeIgniter->runController(Object(App\Controllers\ProdutoController))
#11 C:\wamp64\www\TrabalhoWebM2\vendor\codeigniter4\framework\system\CodeIgniter.php(318): CodeIgniter\CodeIgniter->handleRequest(NULL, Object(Config\Cache), false)
#12 C:\wamp64\www\TrabalhoWebM2\public\index.php(37): CodeIgniter\CodeIgniter->run()
#13 C:\wamp64\www\TrabalhoWebM2\vendor\codeigniter4\framework\system\Commands\Server\rewrite.php(43): require_once('C:\\wamp64\\www\\T...')
#14 {main}
ERROR - 2021-11-23 18:20:25 --> Cannot add or update a child row: a foreign key constraint fails (`db_trabalhowebm2`.`produto`, CONSTRAINT `produto_ibfk_1` FOREIGN KEY (`categoria_id`) REFERENCES `categoria` (`id`))
CRITICAL - 2021-11-23 18:20:25 --> Cannot add or update a child row: a foreign key constraint fails (`db_trabalhowebm2`.`produto`, CONSTRAINT `produto_ibfk_1` FOREIGN KEY (`categoria_id`) REFERENCES `categoria` (`id`))
#0 C:\wamp64\www\TrabalhoWebM2\vendor\codeigniter4\framework\system\Database\MySQLi\Connection.php(292): mysqli->query('INSERT INTO `pr...', 0)
#1 C:\wamp64\www\TrabalhoWebM2\vendor\codeigniter4\framework\system\Database\BaseConnection.php(670): CodeIgniter\Database\MySQLi\Connection->execute('INSERT INTO `pr...')
#2 C:\wamp64\www\TrabalhoWebM2\vendor\codeigniter4\framework\system\Database\BaseConnection.php(598): CodeIgniter\Database\BaseConnection->simpleQuery('INSERT INTO `pr...')
#3 C:\wamp64\www\TrabalhoWebM2\vendor\codeigniter4\framework\system\Database\BaseBuilder.php(1759): CodeIgniter\Database\BaseConnection->query('INSERT INTO `pr...', Array, false)
#4 C:\wamp64\www\TrabalhoWebM2\vendor\codeigniter4\framework\system\Model.php(239): CodeIgniter\Database\BaseBuilder->insert()
#5 C:\wamp64\www\TrabalhoWebM2\vendor\codeigniter4\framework\system\BaseModel.php(738): CodeIgniter\Model->doInsert(Array)
#6 C:\wamp64\www\TrabalhoWebM2\vendor\codeigniter4\framework\system\Model.php(620): CodeIgniter\BaseModel->insert(Array, false)
#7 C:\wamp64\www\TrabalhoWebM2\vendor\codeigniter4\framework\system\BaseModel.php(658): CodeIgniter\Model->insert(Array, false)
#8 C:\wamp64\www\TrabalhoWebM2\app\Controllers\ProdutoController.php(36): CodeIgniter\BaseModel->save(Array)
#9 C:\wamp64\www\TrabalhoWebM2\vendor\codeigniter4\framework\system\CodeIgniter.php(824): App\Controllers\ProdutoController->store()
#10 C:\wamp64\www\TrabalhoWebM2\vendor\codeigniter4\framework\system\CodeIgniter.php(410): CodeIgniter\CodeIgniter->runController(Object(App\Controllers\ProdutoController))
#11 C:\wamp64\www\TrabalhoWebM2\vendor\codeigniter4\framework\system\CodeIgniter.php(318): CodeIgniter\CodeIgniter->handleRequest(NULL, Object(Config\Cache), false)
#12 C:\wamp64\www\TrabalhoWebM2\public\index.php(37): CodeIgniter\CodeIgniter->run()
#13 C:\wamp64\www\TrabalhoWebM2\vendor\codeigniter4\framework\system\Commands\Server\rewrite.php(43): require_once('C:\\wamp64\\www\\T...')
#14 {main}
ERROR - 2021-11-23 18:27:12 --> Cannot add or update a child row: a foreign key constraint fails (`db_trabalhowebm2`.`produto`, CONSTRAINT `produto_ibfk_1` FOREIGN KEY (`categoria_id`) REFERENCES `categoria` (`id`))
CRITICAL - 2021-11-23 18:27:12 --> Cannot add or update a child row: a foreign key constraint fails (`db_trabalhowebm2`.`produto`, CONSTRAINT `produto_ibfk_1` FOREIGN KEY (`categoria_id`) REFERENCES `categoria` (`id`))
#0 C:\wamp64\www\TrabalhoWebM2\vendor\codeigniter4\framework\system\Database\MySQLi\Connection.php(292): mysqli->query('INSERT INTO `pr...', 0)
#1 C:\wamp64\www\TrabalhoWebM2\vendor\codeigniter4\framework\system\Database\BaseConnection.php(670): CodeIgniter\Database\MySQLi\Connection->execute('INSERT INTO `pr...')
#2 C:\wamp64\www\TrabalhoWebM2\vendor\codeigniter4\framework\system\Database\BaseConnection.php(598): CodeIgniter\Database\BaseConnection->simpleQuery('INSERT INTO `pr...')
#3 C:\wamp64\www\TrabalhoWebM2\vendor\codeigniter4\framework\system\Database\BaseBuilder.php(1759): CodeIgniter\Database\BaseConnection->query('INSERT INTO `pr...', Array, false)
#4 C:\wamp64\www\TrabalhoWebM2\vendor\codeigniter4\framework\system\Model.php(239): CodeIgniter\Database\BaseBuilder->insert()
#5 C:\wamp64\www\TrabalhoWebM2\vendor\codeigniter4\framework\system\BaseModel.php(738): CodeIgniter\Model->doInsert(Array)
#6 C:\wamp64\www\TrabalhoWebM2\vendor\codeigniter4\framework\system\Model.php(620): CodeIgniter\BaseModel->insert(Array, false)
#7 C:\wamp64\www\TrabalhoWebM2\vendor\codeigniter4\framework\system\BaseModel.php(658): CodeIgniter\Model->insert(Array, false)
#8 C:\wamp64\www\TrabalhoWebM2\app\Controllers\ProdutoController.php(36): CodeIgniter\BaseModel->save(Array)
#9 C:\wamp64\www\TrabalhoWebM2\vendor\codeigniter4\framework\system\CodeIgniter.php(824): App\Controllers\ProdutoController->store()
#10 C:\wamp64\www\TrabalhoWebM2\vendor\codeigniter4\framework\system\CodeIgniter.php(410): CodeIgniter\CodeIgniter->runController(Object(App\Controllers\ProdutoController))
#11 C:\wamp64\www\TrabalhoWebM2\vendor\codeigniter4\framework\system\CodeIgniter.php(318): CodeIgniter\CodeIgniter->handleRequest(NULL, Object(Config\Cache), false)
#12 C:\wamp64\www\TrabalhoWebM2\public\index.php(37): CodeIgniter\CodeIgniter->run()
#13 C:\wamp64\www\TrabalhoWebM2\vendor\codeigniter4\framework\system\Commands\Server\rewrite.php(43): require_once('C:\\wamp64\\www\\T...')
#14 {main}
CRITICAL - 2021-11-23 18:40:29 --> syntax error, unexpected 'anchor' (T_STRING), expecting ';' or ','
#0 C:\wamp64\www\TrabalhoWebM2\vendor\codeigniter4\framework\system\View\View.php(217): CodeIgniter\View\View->CodeIgniter\View\{closure}()
#1 C:\wamp64\www\TrabalhoWebM2\vendor\codeigniter4\framework\system\Common.php(1097): CodeIgniter\View\View->render('categorias/inde...', Array, true)
#2 C:\wamp64\www\TrabalhoWebM2\app\Controllers\CategoriaController.php(19): view('categorias/inde...', Array)
#3 C:\wamp64\www\TrabalhoWebM2\vendor\codeigniter4\framework\system\CodeIgniter.php(824): App\Controllers\CategoriaController->index()
#4 C:\wamp64\www\TrabalhoWebM2\vendor\codeigniter4\framework\system\CodeIgniter.php(410): CodeIgniter\CodeIgniter->runController(Object(App\Controllers\CategoriaController))
#5 C:\wamp64\www\TrabalhoWebM2\vendor\codeigniter4\framework\system\CodeIgniter.php(318): CodeIgniter\CodeIgniter->handleRequest(NULL, Object(Config\Cache), false)
#6 C:\wamp64\www\TrabalhoWebM2\public\index.php(37): CodeIgniter\CodeIgniter->run()
#7 C:\wamp64\www\TrabalhoWebM2\vendor\codeigniter4\framework\system\Commands\Server\rewrite.php(43): require_once('C:\\wamp64\\www\\T...')
#8 {main}
CRITICAL - 2021-11-23 18:52:55 --> syntax error, unexpected ')'
#0 C:\wamp64\www\TrabalhoWebM2\vendor\codeigniter4\framework\system\View\View.php(217): CodeIgniter\View\View->CodeIgniter\View\{closure}()
#1 C:\wamp64\www\TrabalhoWebM2\vendor\codeigniter4\framework\system\Common.php(1097): CodeIgniter\View\View->render('produtos/index', Array, true)
#2 C:\wamp64\www\TrabalhoWebM2\app\Controllers\ProdutoController.php(22): view('produtos/index', Array)
#3 C:\wamp64\www\TrabalhoWebM2\vendor\codeigniter4\framework\system\CodeIgniter.php(824): App\Controllers\ProdutoController->index()
#4 C:\wamp64\www\TrabalhoWebM2\vendor\codeigniter4\framework\system\CodeIgniter.php(410): CodeIgniter\CodeIgniter->runController(Object(App\Controllers\ProdutoController))
#5 C:\wamp64\www\TrabalhoWebM2\vendor\codeigniter4\framework\system\CodeIgniter.php(318): CodeIgniter\CodeIgniter->handleRequest(NULL, Object(Config\Cache), false)
#6 C:\wamp64\www\TrabalhoWebM2\public\index.php(37): CodeIgniter\CodeIgniter->run()
#7 C:\wamp64\www\TrabalhoWebM2\vendor\codeigniter4\framework\system\Commands\Server\rewrite.php(43): require_once('C:\\wamp64\\www\\T...')
#8 {main}
CRITICAL - 2021-11-23 18:53:04 --> syntax error, unexpected ')'
#0 C:\wamp64\www\TrabalhoWebM2\vendor\codeigniter4\framework\system\View\View.php(217): CodeIgniter\View\View->CodeIgniter\View\{closure}()
#1 C:\wamp64\www\TrabalhoWebM2\vendor\codeigniter4\framework\system\Common.php(1097): CodeIgniter\View\View->render('produtos/index', Array, true)
#2 C:\wamp64\www\TrabalhoWebM2\app\Controllers\ProdutoController.php(22): view('produtos/index', Array)
#3 C:\wamp64\www\TrabalhoWebM2\vendor\codeigniter4\framework\system\CodeIgniter.php(824): App\Controllers\ProdutoController->index()
#4 C:\wamp64\www\TrabalhoWebM2\vendor\codeigniter4\framework\system\CodeIgniter.php(410): CodeIgniter\CodeIgniter->runController(Object(App\Controllers\ProdutoController))
#5 C:\wamp64\www\TrabalhoWebM2\vendor\codeigniter4\framework\system\CodeIgniter.php(318): CodeIgniter\CodeIgniter->handleRequest(NULL, Object(Config\Cache), false)
#6 C:\wamp64\www\TrabalhoWebM2\public\index.php(37): CodeIgniter\CodeIgniter->run()
#7 C:\wamp64\www\TrabalhoWebM2\vendor\codeigniter4\framework\system\Commands\Server\rewrite.php(43): require_once('C:\\wamp64\\www\\T...')
#8 {main}
CRITICAL - 2021-11-23 19:04:00 --> Undefined offset: 0
#0 C:\wamp64\www\TrabalhoWebM2\app\Views\produtos\index.php(37): CodeIgniter\Debug\Exceptions->errorHandler(8, 'Undefined offse...', 'C:\\wamp64\\www\\T...', 37, Array)
#1 C:\wamp64\www\TrabalhoWebM2\vendor\codeigniter4\framework\system\View\View.php(214): include('C:\\wamp64\\www\\T...')
#2 C:\wamp64\www\TrabalhoWebM2\vendor\codeigniter4\framework\system\View\View.php(217): CodeIgniter\View\View->CodeIgniter\View\{closure}()
#3 C:\wamp64\www\TrabalhoWebM2\vendor\codeigniter4\framework\system\Common.php(1097): CodeIgniter\View\View->render('produtos/index', Array, true)
#4 C:\wamp64\www\TrabalhoWebM2\app\Controllers\ProdutoController.php(22): view('produtos/index', Array)
#5 C:\wamp64\www\TrabalhoWebM2\vendor\codeigniter4\framework\system\CodeIgniter.php(824): App\Controllers\ProdutoController->index()
#6 C:\wamp64\www\TrabalhoWebM2\vendor\codeigniter4\framework\system\CodeIgniter.php(410): CodeIgniter\CodeIgniter->runController(Object(App\Controllers\ProdutoController))
#7 C:\wamp64\www\TrabalhoWebM2\vendor\codeigniter4\framework\system\CodeIgniter.php(318): CodeIgniter\CodeIgniter->handleRequest(NULL, Object(Config\Cache), false)
#8 C:\wamp64\www\TrabalhoWebM2\public\index.php(37): CodeIgniter\CodeIgniter->run()
#9 C:\wamp64\www\TrabalhoWebM2\vendor\codeigniter4\framework\system\Commands\Server\rewrite.php(43): require_once('C:\\wamp64\\www\\T...')
#10 {main}
CRITICAL - 2021-11-23 19:04:37 --> Undefined offset: 0
#0 C:\wamp64\www\TrabalhoWebM2\app\Views\produtos\index.php(37): CodeIgniter\Debug\Exceptions->errorHandler(8, 'Undefined offse...', 'C:\\wamp64\\www\\T...', 37, Array)
#1 C:\wamp64\www\TrabalhoWebM2\vendor\codeigniter4\framework\system\View\View.php(214): include('C:\\wamp64\\www\\T...')
#2 C:\wamp64\www\TrabalhoWebM2\vendor\codeigniter4\framework\system\View\View.php(217): CodeIgniter\View\View->CodeIgniter\View\{closure}()
#3 C:\wamp64\www\TrabalhoWebM2\vendor\codeigniter4\framework\system\Common.php(1097): CodeIgniter\View\View->render('produtos/index', Array, true)
#4 C:\wamp64\www\TrabalhoWebM2\app\Controllers\ProdutoController.php(22): view('produtos/index', Array)
#5 C:\wamp64\www\TrabalhoWebM2\vendor\codeigniter4\framework\system\CodeIgniter.php(824): App\Controllers\ProdutoController->index()
#6 C:\wamp64\www\TrabalhoWebM2\vendor\codeigniter4\framework\system\CodeIgniter.php(410): CodeIgniter\CodeIgniter->runController(Object(App\Controllers\ProdutoController))
#7 C:\wamp64\www\TrabalhoWebM2\vendor\codeigniter4\framework\system\CodeIgniter.php(318): CodeIgniter\CodeIgniter->handleRequest(NULL, Object(Config\Cache), false)
#8 C:\wamp64\www\TrabalhoWebM2\public\index.php(37): CodeIgniter\CodeIgniter->run()
#9 C:\wamp64\www\TrabalhoWebM2\vendor\codeigniter4\framework\system\Commands\Server\rewrite.php(43): require_once('C:\\wamp64\\www\\T...')
#10 {main}
